2025-06-05 12:29:18,543 - asyncio - DEBUG - Using selector: KqueueSelector
2025-06-05 12:29:18,915 - websockets.client - DEBUG - = connection is CONNECTING
2025-06-05 12:29:19,534 - websockets.client - DEBUG - > GET /ws HTTP/1.1
2025-06-05 12:29:19,534 - websockets.client - DEBUG - > Host: stream.binance.com:9443
2025-06-05 12:29:19,534 - websockets.client - DEBUG - > Upgrade: websocket
2025-06-05 12:29:19,534 - websockets.client - DEBUG - > Connection: Upgrade
2025-06-05 12:29:19,534 - websockets.client - DEBUG - > Sec-WebSocket-Key: 9vstJ5hzZCpRPuKfXQZAWA==
2025-06-05 12:29:19,535 - websockets.client - DEBUG - > Sec-WebSocket-Version: 13
2025-06-05 12:29:19,535 - websockets.client - DEBUG - > Sec-WebSocket-Extensions: permessage-deflate; client_max_window_bits
2025-06-05 12:29:19,535 - websockets.client - DEBUG - > User-Agent: Python/3.11 websockets/10.4
2025-06-05 12:29:19,839 - websockets.client - DEBUG - < HTTP/1.1 101 Switching Protocols
2025-06-05 12:29:19,840 - websockets.client - DEBUG - < Date: Thu, 05 Jun 2025 11:29:19 GMT
2025-06-05 12:29:19,840 - websockets.client - DEBUG - < Connection: upgrade
2025-06-05 12:29:19,840 - websockets.client - DEBUG - < Upgrade: websocket
2025-06-05 12:29:19,840 - websockets.client - DEBUG - < Sec-WebSocket-Accept: U6v/Gyj383D9ywwZqmomHN5+oFs=
2025-06-05 12:29:19,840 - websockets.client - DEBUG - < Sec-WebSocket-Extensions: permessage-deflate; server_no_context_takeover; client_max_window_bits=15
2025-06-05 12:29:19,840 - websockets.client - DEBUG - = connection is OPEN
2025-06-05 12:29:19,841 - websockets.client - DEBUG - > TEXT '{"method": "SUBSCRIBE", "params": ["auctionusdt...nusdt@trade"], "id": 1}' [92 bytes]
2025-06-05 12:29:19,842 - MarketMaker - INFO - Connected to AUCTIONUSDT WebSocket
2025-06-05 12:29:20,144 - websockets.client - DEBUG - < TEXT '{"result":null,"id":1}' [22 bytes]
2025-06-05 12:29:23,217 - websockets.client - DEBUG - < TEXT '{"e":"depthUpdate","E":1749122963033,"s":"AUCTI...838.85000000"]],"a":[]}' [130 bytes]
2025-06-05 12:29:24,282 - urllib3.connectionpool - DEBUG - Starting new HTTPS connection (1): api.binance.com:443
2025-06-05 12:29:24,592 - urllib3.connectionpool - DEBUG - https://api.binance.com:443 "GET /api/v3/depth?symbol=AUCTIONUSDT&limit=5000 HTTP/1.1" 200 13847
2025-06-05 12:29:25,385 - MarketMaker - INFO - Order dfdca3dd-b83d-48a5-9164-3690e1f572fc placed
2025-06-05 12:29:25,777 - websockets.client - DEBUG - < TEXT '{"e":"depthUpdate","E":1749122965634,"s":"AUCTI...208.89000000"]],"a":[]}' [130 bytes]
2025-06-05 12:29:26,187 - MarketMaker - INFO - Order 8ee6f79a-c642-4236-8052-4366f0dc9a49 placed
2025-06-05 12:29:26,235 - websockets.client - DEBUG - < TEXT '{"e":"depthUpdate","E":1749122966133,"s":"AUCTI...0000","902.84000000"]]}' [161 bytes]
2025-06-05 12:29:26,700 - websockets.client - DEBUG - < TEXT '{"e":"depthUpdate","E":1749122966533,"s":"AUCTI...0000","991.73000000"]]}' [160 bytes]
2025-06-05 12:29:27,108 - websockets.client - DEBUG - < TEXT '{"e":"depthUpdate","E":1749122966933,"s":"AUCTI...237.60000000"]],"a":[]}' [129 bytes]
2025-06-05 12:29:27,137 - websockets.client - DEBUG - < TEXT '{"e":"depthUpdate","E":1749122967033,"s":"AUCTI...241.29000000"]],"a":[]}' [129 bytes]
2025-06-05 12:29:28,645 - websockets.client - DEBUG - < TEXT '{"e":"depthUpdate","E":1749122968433,"s":"AUCTI...237.43000000"]],"a":[]}' [162 bytes]
2025-06-05 12:29:28,763 - websockets.client - DEBUG - = connection is CLOSING
2025-06-05 12:29:28,763 - websockets.client - DEBUG - > CLOSE 1000 (OK) [2 bytes]
2025-06-05 12:29:29,054 - websockets.client - DEBUG - < CLOSE 1000 (OK) [2 bytes]
2025-06-05 12:29:29,122 - asyncio - ERROR - Task was destroyed but it is pending!
task: <Task pending name='Task-5' coro=<WebSocketCommonProtocol.close_connection() running at /opt/anaconda3/lib/python3.11/site-packages/websockets/legacy/protocol.py:1324> wait_for=<Future pending cb=[Task.task_wakeup()]> cb=[shield.<locals>._inner_done_callback() at /opt/anaconda3/lib/python3.11/asyncio/tasks.py:891, shield.<locals>._inner_done_callback() at /opt/anaconda3/lib/python3.11/asyncio/tasks.py:891]>
2025-06-05 12:29:29,122 - websockets.client - DEBUG - x closing TCP connection
2025-06-05 12:29:29,122 - asyncio - ERROR - Task was destroyed but it is pending!
task: <Task pending name='Task-6' coro=<MarketMaker.handle_messages() running at /Users/hanifadelekan/dev/Trading-Prod/trader.py:560> wait_for=<Future pending cb=[shield.<locals>._outer_done_callback() at /opt/anaconda3/lib/python3.11/asyncio/tasks.py:908, Task.task_wakeup()]>>
